Determining the gflags namespace gflags failed with the following output:
Change Dir: '/Users/johnleonard/CLionProjects/Timber/cmake-build-debug/CMakeFiles/CMakeTmp'

Run Build Command(s): /Users/johnleonard/Applications/CLion.app/Contents/bin/ninja/mac/aarch64/ninja -v cmTC_7be67
[1/2] /usr/bin/clang++ -DGFLAGS_IS_A_DLL=0 -DGLOG_GFLAGS_NAMESPACE=gflags -isystem /usr/local/include -g -std=gnu++20 -arch arm64 -isysroot /Applications/Xcode.app/Contents/Developer/Platforms/MacOSX.platform/Developer/SDKs/MacOSX15.2.sdk -mmacosx-version-min=15.1 -fPIE -MD -MT CMakeFiles/cmTC_7be67.dir/DetermineGflagsNamespace.cxx.o -MF CMakeFiles/cmTC_7be67.dir/DetermineGflagsNamespace.cxx.o.d -o CMakeFiles/cmTC_7be67.dir/DetermineGflagsNamespace.cxx.o -c /Users/johnleonard/CLionProjects/Timber/cmake-build-debug/CMakeFiles/CMakeTmp/DetermineGflagsNamespace.cxx
[2/2] : && /usr/bin/clang++ -g -arch arm64 -isysroot /Applications/Xcode.app/Contents/Developer/Platforms/MacOSX.platform/Developer/SDKs/MacOSX15.2.sdk -mmacosx-version-min=15.1 -Wl,-search_paths_first -Wl,-headerpad_max_install_names  CMakeFiles/cmTC_7be67.dir/DetermineGflagsNamespace.cxx.o -o cmTC_7be67  -Wl,-rpath,/usr/local/lib  /usr/local/lib/libgflags.2.2.2.dylib && :
[31mFAILED: [0mcmTC_7be67 
: && /usr/bin/clang++ -g -arch arm64 -isysroot /Applications/Xcode.app/Contents/Developer/Platforms/MacOSX.platform/Developer/SDKs/MacOSX15.2.sdk -mmacosx-version-min=15.1 -Wl,-search_paths_first -Wl,-headerpad_max_install_names  CMakeFiles/cmTC_7be67.dir/DetermineGflagsNamespace.cxx.o -o cmTC_7be67  -Wl,-rpath,/usr/local/lib  /usr/local/lib/libgflags.2.2.2.dylib && :
ld: warning: ignoring file '/usr/local/Cellar/gflags/2.2.2/lib/libgflags.2.2.2.dylib': found architecture 'x86_64', required architecture 'arm64'
Undefined symbols for architecture arm64:
  "google::ParseCommandLineFlags(int*, char***, bool)", referenced from:
      _main in DetermineGflagsNamespace.cxx.o
ld: symbol(s) not found for architecture arm64
clang++: error: linker command failed with exit code 1 (use -v to see invocation)
ninja: build stopped: subcommand failed.



Determining the gflags namespace google failed with the following output:
Change Dir: '/Users/johnleonard/CLionProjects/Timber/cmake-build-debug/CMakeFiles/CMakeTmp'

Run Build Command(s): /Users/johnleonard/Applications/CLion.app/Contents/bin/ninja/mac/aarch64/ninja -v cmTC_421b7
[1/2] /usr/bin/clang++ -DGFLAGS_IS_A_DLL=0 -DGLOG_GFLAGS_NAMESPACE=google -isystem /usr/local/include -g -std=gnu++20 -arch arm64 -isysroot /Applications/Xcode.app/Contents/Developer/Platforms/MacOSX.platform/Developer/SDKs/MacOSX15.2.sdk -mmacosx-version-min=15.1 -fPIE -MD -MT CMakeFiles/cmTC_421b7.dir/DetermineGflagsNamespace.cxx.o -MF CMakeFiles/cmTC_421b7.dir/DetermineGflagsNamespace.cxx.o.d -o CMakeFiles/cmTC_421b7.dir/DetermineGflagsNamespace.cxx.o -c /Users/johnleonard/CLionProjects/Timber/cmake-build-debug/CMakeFiles/CMakeTmp/DetermineGflagsNamespace.cxx
[2/2] : && /usr/bin/clang++ -g -arch arm64 -isysroot /Applications/Xcode.app/Contents/Developer/Platforms/MacOSX.platform/Developer/SDKs/MacOSX15.2.sdk -mmacosx-version-min=15.1 -Wl,-search_paths_first -Wl,-headerpad_max_install_names  CMakeFiles/cmTC_421b7.dir/DetermineGflagsNamespace.cxx.o -o cmTC_421b7  -Wl,-rpath,/usr/local/lib  /usr/local/lib/libgflags.2.2.2.dylib && :
[31mFAILED: [0mcmTC_421b7 
: && /usr/bin/clang++ -g -arch arm64 -isysroot /Applications/Xcode.app/Contents/Developer/Platforms/MacOSX.platform/Developer/SDKs/MacOSX15.2.sdk -mmacosx-version-min=15.1 -Wl,-search_paths_first -Wl,-headerpad_max_install_names  CMakeFiles/cmTC_421b7.dir/DetermineGflagsNamespace.cxx.o -o cmTC_421b7  -Wl,-rpath,/usr/local/lib  /usr/local/lib/libgflags.2.2.2.dylib && :
ld: warning: ignoring file '/usr/local/Cellar/gflags/2.2.2/lib/libgflags.2.2.2.dylib': found architecture 'x86_64', required architecture 'arm64'
Undefined symbols for architecture arm64:
  "google::ParseCommandLineFlags(int*, char***, bool)", referenced from:
      _main in DetermineGflagsNamespace.cxx.o
ld: symbol(s) not found for architecture arm64
clang++: error: linker command failed with exit code 1 (use -v to see invocation)
ninja: build stopped: subcommand failed.



